0 info it worked if it ends with ok
1 verbose cli [ 'C:\\Program Files (x86)\\nodejs\\node.exe',
1 verbose cli   'C:\\Program Files (x86)\\nodejs\\node_modules\\npm\\bin\\npm-cli.js',
1 verbose cli   'run',
1 verbose cli   'build' ]
2 info using npm@3.10.10
3 info using node@v6.10.3
4 verbose run-script [ 'prebuild', 'build', 'postbuild' ]
5 info lifecycle reactjs_proj1@1.0.0~prebuild: reactjs_proj1@1.0.0
6 silly lifecycle reactjs_proj1@1.0.0~prebuild: no script for prebuild, continuing
7 info lifecycle reactjs_proj1@1.0.0~build: reactjs_proj1@1.0.0
8 verbose lifecycle reactjs_proj1@1.0.0~build: unsafe-perm in lifecycle true
9 verbose lifecycle reactjs_proj1@1.0.0~build: PATH: C:\Program Files (x86)\nodejs\node_modules\npm\bin\node-gyp-bin;D:\Training\Udemy\reactjs_proj1\node_modules\.bin;C:\Program Files\Git\cmd;C:\ProgramData\Oracle\Java\javapath;C:\Program Files (x86)\OpenSSH\bin;C:\Program Files (x86)\nodejs\;C:\Program Files\Intel\WiFi\bin\;C:\Program Files\Common Files\Intel\WirelessCommon\;C:\Windows\System32;C:\Program Files\Docker Toolbox;D:\scala\activator-dist-1.3.10\bin\;C:\Users\IBM_ADMIN\AppData\Roaming\npm;C:\Program Files (x86)\nodejs;C:\Users\IBM_ADMIN\AppData\Local\atom\bin
10 verbose lifecycle reactjs_proj1@1.0.0~build: CWD: D:\Training\Udemy\reactjs_proj1
11 silly lifecycle reactjs_proj1@1.0.0~build: Args: [ '/d /s /c',
11 silly lifecycle   'rimraf dist && set NODE_ENV=production && webpack' ]
12 silly lifecycle reactjs_proj1@1.0.0~build: Returned: code: 1  signal: null
13 info lifecycle reactjs_proj1@1.0.0~build: Failed to exec build script
14 verbose stack Error: reactjs_proj1@1.0.0 build: `rimraf dist && set NODE_ENV=production && webpack`
14 verbose stack Exit status 1
14 verbose stack     at EventEmitter.<anonymous> (C:\Program Files (x86)\nodejs\node_modules\npm\lib\utils\lifecycle.js:255:16)
14 verbose stack     at emitTwo (events.js:106:13)
14 verbose stack     at EventEmitter.emit (events.js:191:7)
14 verbose stack     at ChildProcess.<anonymous> (C:\Program Files (x86)\nodejs\node_modules\npm\lib\utils\spawn.js:40:14)
14 verbose stack     at emitTwo (events.js:106:13)
14 verbose stack     at ChildProcess.emit (events.js:191:7)
14 verbose stack     at maybeClose (internal/child_process.js:886:16)
14 verbose stack     at Process.ChildProcess._handle.onexit (internal/child_process.js:226:5)
15 verbose pkgid reactjs_proj1@1.0.0
16 verbose cwd D:\Training\Udemy\reactjs_proj1
17 error Windows_NT 6.1.7601
18 error argv "C:\\Program Files (x86)\\nodejs\\node.exe" "C:\\Program Files (x86)\\nodejs\\node_modules\\npm\\bin\\npm-cli.js" "run" "build"
19 error node v6.10.3
20 error npm  v3.10.10
21 error code ELIFECYCLE
22 error reactjs_proj1@1.0.0 build: `rimraf dist && set NODE_ENV=production && webpack`
22 error Exit status 1
23 error Failed at the reactjs_proj1@1.0.0 build script 'rimraf dist && set NODE_ENV=production && webpack'.
23 error Make sure you have the latest version of node.js and npm installed.
23 error If you do, this is most likely a problem with the reactjs_proj1 package,
23 error not with npm itself.
23 error Tell the author that this fails on your system:
23 error     rimraf dist && set NODE_ENV=production && webpack
23 error You can get information on how to open an issue for this project with:
23 error     npm bugs reactjs_proj1
23 error Or if that isn't available, you can get their info via:
23 error     npm owner ls reactjs_proj1
23 error There is likely additional logging output above.
24 verbose exit [ 1, true ]
